<?xml version="1.0" encoding="UTF-8"?>
<!-- Generated by org.testng.reporters.JUnitReportReporter -->
<testsuite hostname="DESKTOP-G6C87T1" failures="0" tests="2" name="org.rahulshettyacademy.eCommerce_tc_1" time="75.860" errors="0" timestamp="2025-06-19T16:31:01 IST" skipped="0">
  <testcase classname="org.rahulshettyacademy.eCommerce_tc_1" name="FillForm_PositiveFlow" time="20.282"/>
  <testcase classname="org.rahulshettyacademy.eCommerce_tc_1" name="FillForm_ErrorValidation" time="55.578"/>
</testsuite> <!-- org.rahulshettyacademy.eCommerce_tc_1 -->
