<?xml version="1.0" encoding="UTF-8"?>
<!-- Generated by org.testng.reporters.JUnitReportReporter -->
<testsuite hostname="DESKTOP-G6C87T1" failures="0" tests="2" name="org.rahulshettyacademy.eCommerce_tc_4_Hybrid" time="123.398" errors="0" timestamp="2025-06-19T16:31:01 IST" skipped="0">
  <testcase classname="org.rahulshettyacademy.eCommerce_tc_4_Hybrid" name="FillForm" time="58.892"/>
  <testcase classname="org.rahulshettyacademy.eCommerce_tc_4_Hybrid" name="FillForm" time="64.506"/>
</testsuite> <!-- org.rahulshettyacademy.eCommerce_tc_4_Hybrid -->
