<?xml version="1.0" encoding="UTF-8"?>
<!-- Generated by org.testng.reporters.JUnitReportReporter -->
<testsuite hostname="DESKTOP-G6C87T1" failures="0" tests="2" name="org.rahulshettyacademy.eCommerce_tc_1" time="77.133" errors="0" timestamp="2025-06-19T17:12:33 IST" skipped="0">
  <testcase classname="org.rahulshettyacademy.eCommerce_tc_1" name="FillForm_ErrorValidation" time="56.357"/>
  <testcase classname="org.rahulshettyacademy.eCommerce_tc_1" name="FillForm_PositiveFlow" time="20.776"/>
</testsuite> <!-- org.rahulshettyacademy.eCommerce_tc_1 -->
