<?xml version="1.0" encoding="UTF-8"?>
<!-- Generated by org.testng.reporters.JUnitReportReporter -->
<testsuite hostname="DESKTOP-G6C87T1" failures="0" tests="2" name="org.rahulshettyacademy.eCommerce_tc_4_Hybrid" time="139.177" errors="0" timestamp="2025-06-19T17:12:33 IST" skipped="0">
  <testcase classname="org.rahulshettyacademy.eCommerce_tc_4_Hybrid" name="FillForm" time="64.539"/>
  <testcase classname="org.rahulshettyacademy.eCommerce_tc_4_Hybrid" name="FillForm" time="74.638"/>
</testsuite> <!-- org.rahulshettyacademy.eCommerce_tc_4_Hybrid -->
